<?xml version="1.0" encoding="UTF-8"?>
<!-- Generated by org.testng.reporters.JUnitXMLReporter -->
<testsuite hostname="IN-PG02H7X8" ignored="0" name="Default test" tests="5" failures="1" timestamp="2022-03-21T09:42:58 IST" time="223.661" errors="0">
  <testcase name="runScenario" time="70.893" classname="io.cucumber.testng.AbstractTestNGCucumberTests"/>
  <testcase name="runScenario" time="39.78" classname="io.cucumber.testng.AbstractTestNGCucumberTests">
    <failure type="java.lang.AssertionError" message="expected [App/Action Bar/Display Option] but found [App/Action Bar/Display Options]">
      <![CDATA[java.lang.AssertionError: expected [App/Action Bar/Display Option] but found [App/Action Bar/Display Options]
at org.testng.Assert.fail(Assert.java:99)
at org.testng.Assert.failNotEquals(Assert.java:1037)
at org.testng.Assert.assertEqualsImpl(Assert.java:140)
at org.testng.Assert.assertEquals(Assert.java:122)
at org.testng.Assert.assertEquals(Assert.java:629)
at org.testng.Assert.assertEquals(Assert.java:639)
at StepDefination.DisplayTitleSteps.user_able_to_see_the_title(DisplayTitleSteps.java:42)
at ✽.user able to see the title "App/Action Bar/Display Option"(file:///C:/Users/sounakroy/eclipse-workspace/ExittestAssignment/src/test/java/Feature/Displaytitle.feature:9)
]]>
    </failure>
  </testcase> <!-- runScenario -->
  <testcase name="runScenario" time="33.327" classname="io.cucumber.testng.AbstractTestNGCucumberTests"/>
  <testcase name="runScenario" time="35.508" classname="io.cucumber.testng.AbstractTestNGCucumberTests"/>
  <testcase name="runScenario" time="35.93" classname="io.cucumber.testng.AbstractTestNGCucumberTests"/>
</testsuite> <!-- Default test -->
