<?xml version="1.0" encoding="UTF-8"?>
<testng-results skipped="0" failed="1" ignored="0" total="5" passed="4">
  <reporter-output>
  </reporter-output>
  <suite name="Surefire suite" duration-ms="205175" started-at="2022-03-14T14:27:59 IST" finished-at="2022-03-14T14:31:24 IST">
    <groups>
      <group name="cucumber">
        <method signature="AbstractTestNGCucumberTests.runScenario(io.cucumber.testng.PickleWrapper, io.cucumber.testng.FeatureWrapper)[pri:0, instance:Runner.TestRunner@11438d26]" name="runScenario" class="io.cucumber.testng.AbstractTestNGCucumberTests"/>
      </group> <!-- cucumber -->
    </groups>
    <test name="Surefire test" duration-ms="205175" started-at="2022-03-14T14:27:59 IST" finished-at="2022-03-14T14:31:24 IST">
      <class name="Runner.TestRunner">
        <test-method status="PASS" signature="setUpClass()[pri:0, instance:Runner.TestRunner@11438d26]" name="setUpClass" is-config="true" duration-ms="2709" started-at="2022-03-14T14:27:59 IST" finished-at="2022-03-14T14:28:01 IST">
          <reporter-output>
          </reporter-output>
        </test-method> <!-- setUpClass -->
        <test-method status="PASS" signature="runScenario(io.cucumber.testng.PickleWrapper, io.cucumber.testng.FeatureWrapper)[pri:0, instance:Runner.TestRunner@11438d26]" name="runScenario" duration-ms="54469" started-at="2022-03-14T14:28:01 IST" description="Runs Cucumber Scenarios" data-provider="scenarios" finished-at="2022-03-14T14:28:56 IST">
          <params>
            <param index="0">
              <value>
                <![CDATA["Verify Add button"]]>
              </value>
            </param>
            <param index="1">
              <value>
                <![CDATA["Optional[Check Add button Functionality]"]]>
              </value>
            </param>
          </params>
          <reporter-output>
          </reporter-output>
        </test-method> <!-- runScenario -->
        <test-method status="FAIL" signature="runScenario(io.cucumber.testng.PickleWrapper, io.cucumber.testng.FeatureWrapper)[pri:0, instance:Runner.TestRunner@11438d26]" name="runScenario" duration-ms="38317" started-at="2022-03-14T14:28:56 IST" description="Runs Cucumber Scenarios" data-provider="scenarios" finished-at="2022-03-14T14:29:34 IST">
          <params>
            <param index="0">
              <value>
                <![CDATA["Verify Display Title"]]>
              </value>
            </param>
            <param index="1">
              <value>
                <![CDATA["Optional[Check Display Title button Functionality]"]]>
              </value>
            </param>
          </params>
          <exception class="org.openqa.selenium.StaleElementReferenceException">
            <message>
              <![CDATA[The element 'By.xpath: //android.widget.TextView[@index='4']' does not exist in DOM anymore
For documentation on this error, please visit: http://seleniumhq.org/exceptions/stale_element_reference.html
Build info: version: '3.12.0', revision: '7c6e0b3', time: '2018-05-08T14:04:26.12Z'
System info: host: 'IN-PG02H7X8', ip: '192.168.1.108', os.name: 'Windows 10', os.arch: 'amd64', os.version: '10.0', java.version: '1.8.0_302'
Driver info: io.appium.java_client.android.AndroidDriver
Capabilities {app: ./Application/ApiDemos-debu..., appActivity: io.appium.android.apis.ApiD..., appPackage: io.appium.android.apis, databaseEnabled: false, desired: {app: ./Application/ApiDemos-debu..., appActivity: io.appium.android.apis.ApiD..., appPackage: io.appium.android.apis, deviceName: Android, isHeadless: false, platformName: android, platformVersion: 8.1}, deviceApiLevel: 27, deviceManufacturer: Google, deviceModel: Android SDK built for x86, deviceName: emulator-5554, deviceScreenDensity: 420, deviceScreenSize: 1080x1920, deviceUDID: emulator-5554, isHeadless: false, javascriptEnabled: true, locationContextEnabled: false, networkConnectionEnabled: true, pixelRatio: 2.625, platform: LINUX, platformName: Android, platformVersion: 8.1.0, statBarHeight: 63, takesScreenshot: true, viewportRect: {height: 1731, left: 0, top: 63, width: 1080}, warnings: {}, webStorageEnabled: false}
Session ID: fe143500-c213-4ba4-9047-183a8c74dd2e]]>
            </message>
            <full-stacktrace>
              <![CDATA[org.openqa.selenium.StaleElementReferenceException: The element 'By.xpath: //android.widget.TextView[@index='4']' does not exist in DOM anymore
For documentation on this error, please visit: http://seleniumhq.org/exceptions/stale_element_reference.html
Build info: version: '3.12.0', revision: '7c6e0b3', time: '2018-05-08T14:04:26.12Z'
System info: host: 'IN-PG02H7X8', ip: '192.168.1.108', os.name: 'Windows 10', os.arch: 'amd64', os.version: '10.0', java.version: '1.8.0_302'
Driver info: io.appium.java_client.android.AndroidDriver
Capabilities {app: ./Application/ApiDemos-debu..., appActivity: io.appium.android.apis.ApiD..., appPackage: io.appium.android.apis, databaseEnabled: false, desired: {app: ./Application/ApiDemos-debu..., appActivity: io.appium.android.apis.ApiD..., appPackage: io.appium.android.apis, deviceName: Android, isHeadless: false, platformName: android, platformVersion: 8.1}, deviceApiLevel: 27, deviceManufacturer: Google, deviceModel: Android SDK built for x86, deviceName: emulator-5554, deviceScreenDensity: 420, deviceScreenSize: 1080x1920, deviceUDID: emulator-5554, isHeadless: false, javascriptEnabled: true, locationContextEnabled: false, networkConnectionEnabled: true, pixelRatio: 2.625, platform: LINUX, platformName: Android, platformVersion: 8.1.0, statBarHeight: 63, takesScreenshot: true, viewportRect: {height: 1731, left: 0, top: 63, width: 1080}, warnings: {}, webStorageEnabled: false}
Session ID: fe143500-c213-4ba4-9047-183a8c74dd2e
at sun.reflect.NativeConstructorAccessorImpl.newInstance0(Native Method)
at sun.reflect.NativeConstructorAccessorImpl.newInstance(NativeConstructorAccessorImpl.java:62)
at sun.reflect.DelegatingConstructorAccessorImpl.newInstance(DelegatingConstructorAccessorImpl.java:45)
at java.lang.reflect.Constructor.newInstance(Constructor.java:423)
at org.openqa.selenium.remote.http.W3CHttpResponseCodec.createException(W3CHttpResponseCodec.java:187)
at org.openqa.selenium.remote.http.W3CHttpResponseCodec.decode(W3CHttpResponseCodec.java:122)
at org.openqa.selenium.remote.http.W3CHttpResponseCodec.decode(W3CHttpResponseCodec.java:49)
at org.openqa.selenium.remote.HttpCommandExecutor.execute(HttpCommandExecutor.java:158)
at io.appium.java_client.remote.AppiumCommandExecutor.execute(AppiumCommandExecutor.java:231)
at org.openqa.selenium.remote.RemoteWebDriver.execute(RemoteWebDriver.java:543)
at io.appium.java_client.DefaultGenericMobileDriver.execute(DefaultGenericMobileDriver.java:42)
at io.appium.java_client.AppiumDriver.execute(AppiumDriver.java:1)
at io.appium.java_client.android.AndroidDriver.execute(AndroidDriver.java:1)
at org.openqa.selenium.remote.RemoteWebElement.execute(RemoteWebElement.java:276)
at io.appium.java_client.DefaultGenericMobileElement.execute(DefaultGenericMobileElement.java:45)
at io.appium.java_client.MobileElement.execute(MobileElement.java:1)
at io.appium.java_client.android.AndroidElement.execute(AndroidElement.java:1)
at org.openqa.selenium.remote.RemoteWebElement.isDisplayed(RemoteWebElement.java:317)
at sun.reflect.NativeMethodAccessorImpl.invoke0(Native Method)
at sun.reflect.NativeMethodAccessorImpl.invoke(NativeMethodAccessorImpl.java:62)
at sun.reflect.DelegatingMethodAccessorImpl.invoke(DelegatingMethodAccessorImpl.java:43)
at java.lang.reflect.Method.invoke(Method.java:498)
at org.openqa.selenium.support.pagefactory.internal.LocatingElementHandler.invoke(LocatingElementHandler.java:51)
at com.sun.proxy.$Proxy35.isDisplayed(Unknown Source)
at org.openqa.selenium.support.ui.ExpectedConditions.elementIfVisible(ExpectedConditions.java:315)
at org.openqa.selenium.support.ui.ExpectedConditions.access$100(ExpectedConditions.java:44)
at org.openqa.selenium.support.ui.ExpectedConditions$10.apply(ExpectedConditions.java:301)
at org.openqa.selenium.support.ui.ExpectedConditions$10.apply(ExpectedConditions.java:298)
at org.openqa.selenium.support.ui.ExpectedConditions$23.apply(ExpectedConditions.java:686)
at org.openqa.selenium.support.ui.ExpectedConditions$23.apply(ExpectedConditions.java:682)
at org.openqa.selenium.support.ui.FluentWait.until(FluentWait.java:248)
at com.apidemo.utitlity.Explicitwait.wait(Explicitwait.java:14)
at com.apidemo.pages.DisplayoptionPage.clickDisplayOption(DisplayoptionPage.java:67)
at StepDefination.DisplayTitleSteps.user_click_on_display_option(DisplayTitleSteps.java:31)
at ✽.user click on Display Option(file:///C:/Users/sounakroy/eclipse-workspace/ExittestAssignment/src/test/java/Feature/Displaytitle.feature:7)
]]>
            </full-stacktrace>
          </exception> <!-- org.openqa.selenium.StaleElementReferenceException -->
          <reporter-output>
          </reporter-output>
        </test-method> <!-- runScenario -->
        <test-method status="PASS" signature="runScenario(io.cucumber.testng.PickleWrapper, io.cucumber.testng.FeatureWrapper)[pri:0, instance:Runner.TestRunner@11438d26]" name="runScenario" duration-ms="33983" started-at="2022-03-14T14:29:34 IST" description="Runs Cucumber Scenarios" data-provider="scenarios" finished-at="2022-03-14T14:30:08 IST">
          <params>
            <param index="0">
              <value>
                <![CDATA["Verify Hide button"]]>
              </value>
            </param>
            <param index="1">
              <value>
                <![CDATA["Optional[Check Hidebuttn]"]]>
              </value>
            </param>
          </params>
          <reporter-output>
          </reporter-output>
        </test-method> <!-- runScenario -->
        <test-method status="PASS" signature="runScenario(io.cucumber.testng.PickleWrapper, io.cucumber.testng.FeatureWrapper)[pri:0, instance:Runner.TestRunner@11438d26]" name="runScenario" duration-ms="38695" started-at="2022-03-14T14:30:08 IST" description="Runs Cucumber Scenarios" data-provider="scenarios" finished-at="2022-03-14T14:30:47 IST">
          <params>
            <param index="0">
              <value>
                <![CDATA["Verify Image Viewer button"]]>
              </value>
            </param>
            <param index="1">
              <value>
                <![CDATA["Optional[Check Imageviewer]"]]>
              </value>
            </param>
          </params>
          <reporter-output>
          </reporter-output>
        </test-method> <!-- runScenario -->
        <test-method status="PASS" signature="runScenario(io.cucumber.testng.PickleWrapper, io.cucumber.testng.FeatureWrapper)[pri:0, instance:Runner.TestRunner@11438d26]" name="runScenario" duration-ms="31818" started-at="2022-03-14T14:30:47 IST" description="Runs Cucumber Scenarios" data-provider="scenarios" finished-at="2022-03-14T14:31:19 IST">
          <params>
            <param index="0">
              <value>
                <![CDATA["Verify Show button"]]>
              </value>
            </param>
            <param index="1">
              <value>
                <![CDATA["Optional[Check Showbutton]"]]>
              </value>
            </param>
          </params>
          <reporter-output>
          </reporter-output>
        </test-method> <!-- runScenario -->
        <test-method status="PASS" signature="tearDownClass()[pri:0, instance:Runner.TestRunner@11438d26]" name="tearDownClass" is-config="true" duration-ms="5010" started-at="2022-03-14T14:31:19 IST" finished-at="2022-03-14T14:31:24 IST">
          <reporter-output>
          </reporter-output>
        </test-method> <!-- tearDownClass -->
      </class> <!-- Runner.TestRunner -->
    </test> <!-- Surefire test -->
  </suite> <!-- Surefire suite -->
</testng-results>
